<?xml version="1.0" encoding="UTF-8"?>
<!-- Generated by org.testng.reporters.JUnitReportReporter -->
<testsuite skipped="0" hostname="LAP33" name="com.aspl.test.website.OPBilling.OPBillingPageTest" tests="1" failures="0" timestamp="2021-02-21T12:50:58 IST" time="74.171" errors="0">
  <testcase name="MakeBillWithSearchPatientUhid" time="74.171" classname="com.aspl.test.website.OPBilling.OPBillingPageTest"/>
  <system-out/>
</testsuite> <!-- com.aspl.test.website.OPBilling.OPBillingPageTest -->
